\BOOKMARK [1][]{section.1}{Einleitung}{}% 1
\BOOKMARK [1][]{section.2}{Projektorientiertes Arbeiten im Kontext der Videoerstellung}{}% 2
\BOOKMARK [2][]{subsection.2.1}{Phasen der Projektarbeit}{section.2}% 3
\BOOKMARK [3][]{subsubsection.2.1.1}{Planungs-und Vorbereitungsphase}{subsection.2.1}% 4
\BOOKMARK [3][]{subsubsection.2.1.2}{Realisierungsphase}{subsection.2.1}% 5
\BOOKMARK [3][]{subsubsection.2.1.3}{Pr\344sentationsphase:}{subsection.2.1}% 6
\BOOKMARK [3][]{subsubsection.2.1.4}{Evaluationsphase}{subsection.2.1}% 7
\BOOKMARK [2][]{subsection.2.2}{Einsatzformen und Arten von Erkl\344rvideos}{section.2}% 8
\BOOKMARK [2][]{subsection.2.3}{Rechtliche Voraussetzungen}{section.2}% 9
\BOOKMARK [1][]{section.3}{Didaktische \334berlegungen}{}% 10
\BOOKMARK [2][]{subsection.3.1}{Einordnung in den Lehrplan}{section.3}% 11
\BOOKMARK [2][]{subsection.3.2}{Einordnung in den Unterrichtsverlauf}{section.3}% 12
\BOOKMARK [2][]{subsection.3.3}{Didaktisch-methodische Analyse}{section.3}% 13
\BOOKMARK [1][]{section.4}{Lernziele und Kompetenzerwartungen des Projekts}{}% 14
\BOOKMARK [2][]{subsection.4.1}{F\366rderung der \374bergreifenden Ziele des Mathematik-Lehrplans der achten Jahrgangsstufe und f\344cher\374bergreifendes Lernen}{section.4}% 15
\BOOKMARK [2][]{subsection.4.2}{Kompetenzerwerb im Rahmen des Projekts}{section.4}% 16
\BOOKMARK [2][]{subsection.4.3}{Beitrag zu \374bergreifenden Bildungs- und Erziehungszielen}{section.4}% 17
\BOOKMARK [3][]{subsubsection.4.3.1}{M\366glichkeiten der F\366rderung mathematischer Kompetenzen}{subsection.4.3}% 18
\BOOKMARK [2][]{subsection.4.4}{Erwartungshorizont}{section.4}% 19
\BOOKMARK [1][]{section.5}{Ablauf des Projekt Erstellung eigener Erkl\344rvideos}{}% 20
\BOOKMARK [2][]{subsection.5.1}{Allgemeines zum Projektablauf}{section.5}% 21
\BOOKMARK [2][]{subsection.5.2}{Projektplanung}{section.5}% 22
\BOOKMARK [3][]{subsubsection.5.2.1}{Einteilung der Arbeitsgruppen}{subsection.5.2}% 23
\BOOKMARK [3][]{subsubsection.5.2.2}{Organisation der Arbeitsgruppen}{subsection.5.2}% 24
\BOOKMARK [3][]{subsubsection.5.2.3}{Projektablaufplan}{subsection.5.2}% 25
\BOOKMARK [2][]{subsection.5.3}{Realisierungsphase - Durchf\374hrung im unterrichtlichen Rahmen}{section.5}% 26
\BOOKMARK [3][]{subsubsection.5.3.1}{Erarbeitung der fachlichen Inhalte}{subsection.5.3}% 27
\BOOKMARK [3][]{subsubsection.5.3.2}{Erstellen des Drehbuchs - Unterteilung und Festlegung von Schwerpunkten}{subsection.5.3}% 28
\BOOKMARK [3][]{subsubsection.5.3.3}{Erstellen der Bilder/Pr\344sentation}{subsection.5.3}% 29
\BOOKMARK [3][]{subsubsection.5.3.4}{Drehen der Videos}{subsection.5.3}% 30
\BOOKMARK [2][]{subsection.5.4}{Pr\344sentation der Erkl\344rvideos}{section.5}% 31
\BOOKMARK [2][]{subsection.5.5}{Beurteilungsphase}{section.5}% 32
\BOOKMARK [1][]{section.6}{Evaluation}{}% 33
\BOOKMARK [2][]{subsection.6.1}{Allgemeines zur Evaluation}{section.6}% 34
\BOOKMARK [2][]{subsection.6.2}{Evaluation des Kompetenzerwerbs}{section.6}% 35
\BOOKMARK [2][]{subsection.6.3}{Chancen und Grenzen des Projekts}{section.6}% 36
\BOOKMARK [1][]{section.7}{Schluss}{}% 37
\BOOKMARK [1][]{section.8}{Literaturnachweise}{}% 38
\BOOKMARK [1][]{section.9}{Eigenst\344ndigkeitserkl\344rung}{}% 39
\BOOKMARK [1][]{section.10}{Anlagen}{}% 40
\BOOKMARK [2][]{subsection.10.1}{Datenschutzerkl\344rung}{section.10}% 41
\BOOKMARK [2][]{subsection.10.2}{Materalien zur Erarbeitung der Thematik}{section.10}% 42
\BOOKMARK [2][]{subsection.10.3}{Arbeitsauftr\344ge}{section.10}% 43
\BOOKMARK [2][]{subsection.10.4}{Exemplarische Portfoliomappe zum Thema \214Abgrenzung des Begriffs Laplace-Experiment}{section.10}% 44
\BOOKMARK [2][]{subsection.10.5}{Evaluationsbogen}{section.10}% 45
\BOOKMARK [2][]{subsection.10.6}{Auswertung der Evaluation}{section.10}% 46
