This is pdfTeX, Version 3.14159265-2.6-1.40.16 (MiKTeX 2.9 64-bit) (preloaded format=pdflatex 2016.4.10)  19 JUL 2017 15:03
entering extended mode
**./Hausarbeit.tex
(Hausarbeit.tex
LaTeX2e <2016/03/31>
Babel <3.9q> and hyphenation patterns for 70 language(s) loaded.
("C:\Program Files\MiKTeX 2.9\tex\latex\koma-script\scrartcl.cls"
Document Class: scrartcl 2015/10/03 v3.19a KOMA-Script document class (article)

("C:\Program Files\MiKTeX 2.9\tex\latex\koma-script\scrkbase.sty"
Package: scrkbase 2015/10/03 v3.19a KOMA-Script package (KOMA-Script-dependent 
basics and keyval usage)

("C:\Program Files\MiKTeX 2.9\tex\latex\koma-script\scrbase.sty"
Package: scrbase 2015/10/03 v3.19a KOMA-Script package (KOMA-Script-independent
 basics and keyval usage)

("C:\Program Files\MiKTeX 2.9\tex\latex\graphics\keyval.sty"
Package: keyval 2014/10/28 v1.15 key=value parser (DPC)
\KV@toks@=\toks14
)
("C:\Program Files\MiKTeX 2.9\tex\latex\koma-script\scrlfile.sty"
Package: scrlfile 2015/10/03 v3.19a KOMA-Script package (loading files)

Package scrlfile, 2015/10/03 v3.19a KOMA-Script package (loading files)
                  Copyright (C) Markus Kohm

))) ("C:\Program Files\MiKTeX 2.9\tex\latex\koma-script\tocbasic.sty"
Package: tocbasic 2015/10/03 v3.19a KOMA-Script package (handling toc-files)
)
Package tocbasic Info: omitting babel extension for `toc'
(tocbasic)             because of feature `nobabel' available
(tocbasic)             for `toc' on input line 123.
Package tocbasic Info: omitting babel extension for `lof'
(tocbasic)             because of feature `nobabel' available
(tocbasic)             for `lof' on input line 124.
Package tocbasic Info: omitting babel extension for `lot'
(tocbasic)             because of feature `nobabel' available
(tocbasic)             for `lot' on input line 125.
Package scrartcl Info: You've used standard option `12pt'.
(scrartcl)             This is correct!
(scrartcl)             Internally I'm using `fontsize=12pt'.
(scrartcl)             If you'd like to set the option with \KOMAoptions,
(scrartcl)             you'd have to use `fontsize=12pt' there
(scrartcl)             instead of `12pt', too.
Class scrartcl Info: File `scrsize12pt.clo' used to setup font sizes on input l
ine 2033.

("C:\Program Files\MiKTeX 2.9\tex\latex\koma-script\scrsize12pt.clo"
File: scrsize12pt.clo 2015/10/03 v3.19a KOMA-Script font size class option (12p
t)
)
("C:\Program Files\MiKTeX 2.9\tex\latex\koma-script\typearea.sty"
Package: typearea 2015/10/03 v3.19a KOMA-Script package (type area)

Package typearea, 2015/10/03 v3.19a KOMA-Script package (type area)
                  Copyright (C) Frank Neukam, 1992-1994
                  Copyright (C) Markus Kohm, 1994-

\ta@bcor=\skip41
\ta@div=\count79
Package typearea Info: You've used standard option `a4paper'.
(typearea)             This is correct!
(typearea)             Internally I'm using `paper=a4'.
(typearea)             If you'd like to set the option with \KOMAoptions,
(typearea)             you'd have to use `paper=a4' there
(typearea)             instead of `a4paper', too.
\ta@hblk=\skip42
\ta@vblk=\skip43
\ta@temp=\skip44
\footheight=\skip45
Package typearea Info: These are the values describing the layout:
(typearea)             DIV  = 12
(typearea)             BCOR = 0.0pt
(typearea)             \paperwidth      = 597.50793pt
(typearea)              \textwidth      = 448.13095pt
(typearea)              DIV departure   = -6%
(typearea)              \evensidemargin = 2.4185pt
(typearea)              \oddsidemargin  = 2.4185pt
(typearea)             \paperheight     = 845.04694pt
(typearea)              \textheight     = 635.5pt
(typearea)              \topmargin      = -41.72441pt
(typearea)              \headheight     = 18.125pt
(typearea)              \headsep        = 21.75pt
(typearea)              \topskip        = 12.0pt
(typearea)              \footskip       = 50.75pt
(typearea)              \baselineskip   = 14.5pt
(typearea)              on input line 1509.
)
\c@part=\count80
\c@section=\count81
\c@subsection=\count82
\c@subsubsection=\count83
\c@paragraph=\count84
\c@subparagraph=\count85
LaTeX Info: Redefining \textsubscript on input line 3906.
\abovecaptionskip=\skip46
\belowcaptionskip=\skip47
\c@pti@nb@sid@b@x=\box26
\c@figure=\count86
\c@table=\count87
\bibindent=\dimen102
) ("C:\Program Files\MiKTeX 2.9\tex\latex\base\fontenc.sty"
Package: fontenc 2005/09/27 v1.99g Standard LaTeX package

("C:\Program Files\MiKTeX 2.9\tex\latex\base\t1enc.def"
File: t1enc.def 2005/09/27 v1.99g Standard LaTeX file
LaTeX Font Info:    Redeclaring font encoding T1 on input line 48.
))
("C:\Program Files\MiKTeX 2.9\tex\latex\base\inputenc.sty"
Package: inputenc 2015/03/17 v1.2c Input encoding file
\inpenc@prehook=\toks15
\inpenc@posthook=\toks16

("C:\Program Files\MiKTeX 2.9\tex\latex\ucs\utf8x.def"
File: utf8x.def 2004/10/17 UCS: Input encoding UTF-8
))
("C:\Program Files\MiKTeX 2.9\tex\latex\ucs\ucs.sty"
Package: ucs 2013/05/11 v2.2 UCS: Unicode input support

("C:\Program Files\MiKTeX 2.9\tex\latex\ucs\uni-global.def"
File: uni-global.def 2013/05/13 UCS: Unicode global data
)
\uc@secondtry=\count88
\uc@combtoks=\toks17
\uc@combtoksb=\toks18
\uc@temptokena=\toks19
)
("C:\Program Files\MiKTeX 2.9\tex\generic\babel\babel.sty"
Package: babel 2016/02/09 3.9q The Babel package

*************************************
* Local config file bblopts.cfg used
*
("C:\Program Files\MiKTeX 2.9\tex\latex\00miktex\bblopts.cfg"
File: bblopts.cfg 2006/07/31 v1.0 MiKTeX 'babel' configuration
)
("C:\Program Files\MiKTeX 2.9\tex\latex\babel-german\ngerman.ldf"
Language: ngerman 2013/12/13 v2.7 German support for babel (new orthography)

("C:\Program Files\MiKTeX 2.9\tex\latex\babel-german\ngermanb.ldf"
Language: ngermanb 2013/12/13 v2.7 German support for babel (new orthography)

("C:\Program Files\MiKTeX 2.9\tex\generic\babel\babel.def"
File: babel.def 2016/02/09 3.9q Babel common definitions
\babel@savecnt=\count89
\U@D=\dimen103
)
\l@naustrian = a dialect from \language\l@ngerman 
\l@nswissgerman = a dialect from \language\l@ngerman 
Package babel Info: Making " an active character on input line 88.
)))
("C:\Program Files\MiKTeX 2.9\tex\latex\amsmath\amsmath.sty"
Package: amsmath 2016/03/10 v2.15b AMS math features
\@mathmargin=\skip48

For additional information on amsmath, use the `?' option.
("C:\Program Files\MiKTeX 2.9\tex\latex\amsmath\amstext.sty"
Package: amstext 2000/06/29 v2.01 AMS text

("C:\Program Files\MiKTeX 2.9\tex\latex\amsmath\amsgen.sty"
File: amsgen.sty 1999/11/30 v2.0 generic functions
\@emptytoks=\toks20
\ex@=\dimen104
))
("C:\Program Files\MiKTeX 2.9\tex\latex\amsmath\amsbsy.sty"
Package: amsbsy 1999/11/29 v1.2d Bold Symbols
\pmbraise@=\dimen105
)
("C:\Program Files\MiKTeX 2.9\tex\latex\amsmath\amsopn.sty"
Package: amsopn 2016/03/08 v2.02 operator names
)
\inf@bad=\count90
LaTeX Info: Redefining \frac on input line 199.
\uproot@=\count91
\leftroot@=\count92
LaTeX Info: Redefining \overline on input line 297.
\classnum@=\count93
\DOTSCASE@=\count94
LaTeX Info: Redefining \ldots on input line 394.
LaTeX Info: Redefining \dots on input line 397.
LaTeX Info: Redefining \cdots on input line 518.
\Mathstrutbox@=\box27
\strutbox@=\box28
\big@size=\dimen106
LaTeX Font Info:    Redeclaring font encoding OML on input line 634.
LaTeX Font Info:    Redeclaring font encoding OMS on input line 635.
\macc@depth=\count95
\c@MaxMatrixCols=\count96
\dotsspace@=\muskip10
\c@parentequation=\count97
\dspbrk@lvl=\count98
\tag@help=\toks21
\row@=\count99
\column@=\count100
\maxfields@=\count101
\andhelp@=\toks22
\eqnshift@=\dimen107
\alignsep@=\dimen108
\tagshift@=\dimen109
\tagwidth@=\dimen110
\totwidth@=\dimen111
\lineht@=\dimen112
\@envbody=\toks23
\multlinegap=\skip49
\multlinetaggap=\skip50
\mathdisplay@stack=\toks24
LaTeX Info: Redefining \[ on input line 2739.
LaTeX Info: Redefining \] on input line 2740.
)
("C:\Program Files\MiKTeX 2.9\tex\latex\amscls\amsthm.sty"
Package: amsthm 2015/03/04 v2.20.2
\thm@style=\toks25
\thm@bodyfont=\toks26
\thm@headfont=\toks27
\thm@notefont=\toks28
\thm@headpunct=\toks29
\thm@preskip=\skip51
\thm@postskip=\skip52
\thm@headsep=\skip53
\dth@everypar=\toks30
)
("C:\Program Files\MiKTeX 2.9\tex\latex\amsfonts\amsfonts.sty"
Package: amsfonts 2013/01/14 v3.01 Basic AMSFonts support
\symAMSa=\mathgroup4
\symAMSb=\mathgroup5
LaTeX Font Info:    Overwriting math alphabet `\mathfrak' in version `bold'
(Font)                  U/euf/m/n --> U/euf/b/n on input line 106.
)
("C:\Program Files\MiKTeX 2.9\tex\latex\amsfonts\amssymb.sty"
Package: amssymb 2013/01/14 v3.01 AMS font symbols
)
("C:\Program Files\MiKTeX 2.9\tex\latex\xcolor\xcolor.sty"
Package: xcolor 2007/01/21 v2.11 LaTeX color extensions (UK)

("C:\Program Files\MiKTeX 2.9\tex\latex\00miktex\color.cfg"
File: color.cfg 2007/01/18 v1.5 color configuration of teTeX/TeXLive
)
Package xcolor Info: Driver file: pdftex.def on input line 225.

("C:\Program Files\MiKTeX 2.9\tex\latex\pdftex-def\pdftex.def"
File: pdftex.def 2011/05/27 v0.06d Graphics/color for pdfTeX

("C:\Program Files\MiKTeX 2.9\tex\generic\oberdiek\infwarerr.sty"
Package: infwarerr 2010/04/08 v1.3 Providing info/warning/error messages (HO)
)
("C:\Program Files\MiKTeX 2.9\tex\generic\oberdiek\ltxcmds.sty"
Package: ltxcmds 2011/11/09 v1.22 LaTeX kernel commands for general use (HO)
)
\Gread@gobject=\count102
)
Package xcolor Info: Model `cmy' substituted by `cmy0' on input line 1337.
Package xcolor Info: Model `hsb' substituted by `rgb' on input line 1341.
Package xcolor Info: Model `RGB' extended on input line 1353.
Package xcolor Info: Model `HTML' substituted by `rgb' on input line 1355.
Package xcolor Info: Model `Hsb' substituted by `hsb' on input line 1356.
Package xcolor Info: Model `tHsb' substituted by `hsb' on input line 1357.
Package xcolor Info: Model `HSB' substituted by `hsb' on input line 1358.
Package xcolor Info: Model `Gray' substituted by `gray' on input line 1359.
Package xcolor Info: Model `wave' substituted by `hsb' on input line 1360.
)
("C:\Program Files\MiKTeX 2.9\tex\latex\colortbl\colortbl.sty"
Package: colortbl 2012/02/13 v1.0a Color table columns (DPC)

("C:\Program Files\MiKTeX 2.9\tex\latex\tools\array.sty"
Package: array 2014/10/28 v2.4c Tabular extension package (FMi)
\col@sep=\dimen113
\extrarowheight=\dimen114
\NC@list=\toks31
\extratabsurround=\skip54
\backup@length=\skip55
)
\everycr=\toks32
\minrowclearance=\skip56
)
("C:\Program Files\MiKTeX 2.9\tex\latex\algorithms\algorithm.sty"
Package: algorithm 2009/08/24 v0.1 Document Style `algorithm' - floating enviro
nment

("C:\Program Files\MiKTeX 2.9\tex\latex\float\float.sty"
Package: float 2001/11/08 v1.3d Float enhancements (AL)
\c@float@type=\count103
\float@exts=\toks33
\float@box=\box29
\@float@everytoks=\toks34
\@floatcapt=\box30
)
("C:\Program Files\MiKTeX 2.9\tex\latex\base\ifthen.sty"
Package: ifthen 2014/09/29 v1.1c Standard LaTeX ifthen package (DPC)
)
\@float@every@algorithm=\toks35
\c@algorithm=\count104
)
("C:\Program Files\MiKTeX 2.9\tex\latex\algorithms\algorithmic.sty"
Package: algorithmic 2009/08/24 v0.1 Document Style `algorithmic'
\c@ALC@unique=\count105
\c@ALC@line=\count106
\c@ALC@rem=\count107
\c@ALC@depth=\count108
\ALC@tlm=\skip57
\algorithmicindent=\skip58
)
("C:\Program Files\MiKTeX 2.9\tex\latex\caption\caption.sty"
Package: caption 2016/02/21 v3.3-144 Customizing captions (AR)

("C:\Program Files\MiKTeX 2.9\tex\latex\caption\caption3.sty"
Package: caption3 2016/05/22 v1.7-166 caption3 kernel (AR)
Package caption3 Info: TeX engine: e-TeX on input line 67.
\captionmargin=\dimen115
\captionmargin@=\dimen116
\captionwidth=\dimen117
\caption@tempdima=\dimen118
\caption@indent=\dimen119
\caption@parindent=\dimen120
\caption@hangindent=\dimen121
)
Package caption Info: KOMA-Script document class.
\c@ContinuedFloat=\count109
Package caption Info: float package is loaded.
)
("C:\Program Files\MiKTeX 2.9\tex\latex\setspace\setspace.sty"
Package: setspace 2011/12/19 v6.7a set line spacing
)
("C:\Program Files\MiKTeX 2.9\tex\latex\ltxmisc\relsize.sty"
Package: relsize 2003/07/04 ver 3.1
)
("C:\Program Files\MiKTeX 2.9\tex\latex\tools\multicol.sty"
Package: multicol 2016/02/08 v1.8o multicolumn formatting (FMi)
\c@tracingmulticols=\count110
\mult@box=\box31
\multicol@leftmargin=\dimen122
\c@unbalance=\count111
\c@collectmore=\count112
\doublecol@number=\count113
\multicoltolerance=\count114
\multicolpretolerance=\count115
\full@width=\dimen123
\page@free=\dimen124
\premulticols=\dimen125
\postmulticols=\dimen126
\multicolsep=\skip59
\multicolbaselineskip=\skip60
\partial@page=\box32
\last@line=\box33
\maxbalancingoverflow=\dimen127
\mult@rightbox=\box34
\mult@grightbox=\box35
\mult@gfirstbox=\box36
\mult@firstbox=\box37
\@tempa=\box38
\@tempa=\box39
\@tempa=\box40
\@tempa=\box41
\@tempa=\box42
\@tempa=\box43
\@tempa=\box44
\@tempa=\box45
\@tempa=\box46
\@tempa=\box47
\@tempa=\box48
\@tempa=\box49
\@tempa=\box50
\@tempa=\box51
\@tempa=\box52
\@tempa=\box53
\@tempa=\box54
\c@columnbadness=\count116
\c@finalcolumnbadness=\count117
\last@try=\dimen128
\multicolovershoot=\dimen129
\multicolundershoot=\dimen130
\mult@nat@firstbox=\box55
\colbreak@box=\box56
\mc@col@check@num=\count118
)
("C:\Program Files\MiKTeX 2.9\tex\latex\tools\enumerate.sty"
Package: enumerate 2015/07/23 v3.00 enumerate extensions (DPC)
\@enLab=\toks36
)
("C:\Program Files\MiKTeX 2.9\tex\latex\graphics\graphicx.sty"
Package: graphicx 2014/10/28 v1.0g Enhanced LaTeX Graphics (DPC,SPQR)

("C:\Program Files\MiKTeX 2.9\tex\latex\graphics\graphics.sty"
Package: graphics 2016/01/03 v1.0q Standard LaTeX Graphics (DPC,SPQR)

("C:\Program Files\MiKTeX 2.9\tex\latex\graphics\trig.sty"
Package: trig 2016/01/03 v1.10 sin cos tan (DPC)
)
("C:\Program Files\MiKTeX 2.9\tex\latex\00miktex\graphics.cfg"
File: graphics.cfg 2010/04/23 v1.9 graphics configuration of TeX Live
)
Package graphics Info: Driver file: pdftex.def on input line 95.
)
\Gin@req@height=\dimen131
\Gin@req@width=\dimen132
)
("C:\Program Files\MiKTeX 2.9\tex\latex\pdfpages\pdfpages.sty"
Package: pdfpages 2015/09/18 v0.5d Insert pages of external PDF documents (AM)

("C:\Program Files\MiKTeX 2.9\tex\latex\tools\calc.sty"
Package: calc 2014/10/28 v4.3 Infix arithmetic (KKT,FJ)
\calc@Acount=\count119
\calc@Bcount=\count120
\calc@Adimen=\dimen133
\calc@Bdimen=\dimen134
\calc@Askip=\skip61
\calc@Bskip=\skip62
LaTeX Info: Redefining \setlength on input line 80.
LaTeX Info: Redefining \addtolength on input line 81.
\calc@Ccount=\count121
\calc@Cskip=\skip63
)
("C:\Program Files\MiKTeX 2.9\tex\latex\eso-pic\eso-pic.sty"
Package: eso-pic 2015/07/21 v2.0g eso-pic (RN)

("C:\Program Files\MiKTeX 2.9\tex\generic\oberdiek\atbegshi.sty"
Package: atbegshi 2011/10/05 v1.16 At begin shipout hook (HO)

("C:\Program Files\MiKTeX 2.9\tex\generic\oberdiek\ifpdf.sty"
Package: ifpdf 2011/01/30 v2.3 Provides the ifpdf switch (HO)
Package ifpdf Info: pdfTeX in PDF mode is detected.
)))
\AM@pagewidth=\dimen135
\AM@pageheight=\dimen136

("C:\Program Files\MiKTeX 2.9\tex\latex\pdfpages\pppdftex.def"
File: pppdftex.def 2015/09/18 v0.5d Pdfpages driver for pdfTeX (AM)
)
\AM@pagebox=\box57
\AM@toc@title=\toks37
\c@AM@survey=\count122
\AM@templatesizebox=\box58
)
("C:\Program Files\MiKTeX 2.9\tex\latex\pgf\frontendlayer\tikz.sty"
("C:\Program Files\MiKTeX 2.9\tex\latex\pgf\basiclayer\pgf.sty"
("C:\Program Files\MiKTeX 2.9\tex\latex\pgf\utilities\pgfrcs.sty"
("C:\Program Files\MiKTeX 2.9\tex\generic\pgf\utilities\pgfutil-common.tex"
\pgfutil@everybye=\toks38
\pgfutil@tempdima=\dimen137
\pgfutil@tempdimb=\dimen138

("C:\Program Files\MiKTeX 2.9\tex\generic\pgf\utilities\pgfutil-common-lists.te
x")) ("C:\Program Files\MiKTeX 2.9\tex\generic\pgf\utilities\pgfutil-latex.def"
\pgfutil@abb=\box59
("C:\Program Files\MiKTeX 2.9\tex\latex\ms\everyshi.sty"
Package: everyshi 2001/05/15 v3.00 EveryShipout Package (MS)
))
("C:\Program Files\MiKTeX 2.9\tex\generic\pgf\utilities\pgfrcs.code.tex"
Package: pgfrcs 2015/08/07 v3.0.1a (rcs-revision 1.31)
))
Package: pgf 2015/08/07 v3.0.1a (rcs-revision 1.15)

("C:\Program Files\MiKTeX 2.9\tex\latex\pgf\basiclayer\pgfcore.sty"
("C:\Program Files\MiKTeX 2.9\tex\latex\pgf\systemlayer\pgfsys.sty"
("C:\Program Files\MiKTeX 2.9\tex\generic\pgf\systemlayer\pgfsys.code.tex"
Package: pgfsys 2014/07/09 v3.0.1a (rcs-revision 1.48)

("C:\Program Files\MiKTeX 2.9\tex\generic\pgf\utilities\pgfkeys.code.tex"
\pgfkeys@pathtoks=\toks39
\pgfkeys@temptoks=\toks40

("C:\Program Files\MiKTeX 2.9\tex\generic\pgf\utilities\pgfkeysfiltered.code.te
x"
\pgfkeys@tmptoks=\toks41
))
\pgf@x=\dimen139
\pgf@y=\dimen140
\pgf@xa=\dimen141
\pgf@ya=\dimen142
\pgf@xb=\dimen143
\pgf@yb=\dimen144
\pgf@xc=\dimen145
\pgf@yc=\dimen146
\w@pgf@writea=\write3
\r@pgf@reada=\read1
\c@pgf@counta=\count123
\c@pgf@countb=\count124
\c@pgf@countc=\count125
\c@pgf@countd=\count126
\t@pgf@toka=\toks42
\t@pgf@tokb=\toks43
\t@pgf@tokc=\toks44
 ("C:\Program Files\MiKTeX 2.9\tex\generic\pgf\systemlayer\pgf.cfg"
File: pgf.cfg 2008/05/14  (rcs-revision 1.7)
)
Driver file for pgf: pgfsys-pdftex.def

("C:\Program Files\MiKTeX 2.9\tex\generic\pgf\systemlayer\pgfsys-pdftex.def"
File: pgfsys-pdftex.def 2014/10/11  (rcs-revision 1.35)

("C:\Program Files\MiKTeX 2.9\tex\generic\pgf\systemlayer\pgfsys-common-pdf.def
"
File: pgfsys-common-pdf.def 2013/10/10  (rcs-revision 1.13)
)))
("C:\Program Files\MiKTeX 2.9\tex\generic\pgf\systemlayer\pgfsyssoftpath.code.t
ex"
File: pgfsyssoftpath.code.tex 2013/09/09  (rcs-revision 1.9)
\pgfsyssoftpath@smallbuffer@items=\count127
\pgfsyssoftpath@bigbuffer@items=\count128
)
("C:\Program Files\MiKTeX 2.9\tex\generic\pgf\systemlayer\pgfsysprotocol.code.t
ex"
File: pgfsysprotocol.code.tex 2006/10/16  (rcs-revision 1.4)
)) ("C:\Program Files\MiKTeX 2.9\tex\generic\pgf\basiclayer\pgfcore.code.tex"
Package: pgfcore 2010/04/11 v3.0.1a (rcs-revision 1.7)
 ("C:\Program Files\MiKTeX 2.9\tex\generic\pgf\math\pgfmath.code.tex"
("C:\Program Files\MiKTeX 2.9\tex\generic\pgf\math\pgfmathcalc.code.tex"
("C:\Program Files\MiKTeX 2.9\tex\generic\pgf\math\pgfmathutil.code.tex")
("C:\Program Files\MiKTeX 2.9\tex\generic\pgf\math\pgfmathparser.code.tex"
\pgfmath@dimen=\dimen147
\pgfmath@count=\count129
\pgfmath@box=\box60
\pgfmath@toks=\toks45
\pgfmath@stack@operand=\toks46
\pgfmath@stack@operation=\toks47
)
("C:\Program Files\MiKTeX 2.9\tex\generic\pgf\math\pgfmathfunctions.code.tex"
("C:\Program Files\MiKTeX 2.9\tex\generic\pgf\math\pgfmathfunctions.basic.code.
tex")
("C:\Program Files\MiKTeX 2.9\tex\generic\pgf\math\pgfmathfunctions.trigonometr
ic.code.tex")
("C:\Program Files\MiKTeX 2.9\tex\generic\pgf\math\pgfmathfunctions.random.code
.tex")
("C:\Program Files\MiKTeX 2.9\tex\generic\pgf\math\pgfmathfunctions.comparison.
code.tex")
("C:\Program Files\MiKTeX 2.9\tex\generic\pgf\math\pgfmathfunctions.base.code.t
ex")
("C:\Program Files\MiKTeX 2.9\tex\generic\pgf\math\pgfmathfunctions.round.code.
tex")
("C:\Program Files\MiKTeX 2.9\tex\generic\pgf\math\pgfmathfunctions.misc.code.t
ex")
("C:\Program Files\MiKTeX 2.9\tex\generic\pgf\math\pgfmathfunctions.integerarit
hmetics.code.tex")))
("C:\Program Files\MiKTeX 2.9\tex\generic\pgf\math\pgfmathfloat.code.tex"
\c@pgfmathroundto@lastzeros=\count130
))
("C:\Program Files\MiKTeX 2.9\tex\generic\pgf\basiclayer\pgfcorepoints.code.tex
"
File: pgfcorepoints.code.tex 2013/10/07  (rcs-revision 1.27)
\pgf@picminx=\dimen148
\pgf@picmaxx=\dimen149
\pgf@picminy=\dimen150
\pgf@picmaxy=\dimen151
\pgf@pathminx=\dimen152
\pgf@pathmaxx=\dimen153
\pgf@pathminy=\dimen154
\pgf@pathmaxy=\dimen155
\pgf@xx=\dimen156
\pgf@xy=\dimen157
\pgf@yx=\dimen158
\pgf@yy=\dimen159
\pgf@zx=\dimen160
\pgf@zy=\dimen161
)
("C:\Program Files\MiKTeX 2.9\tex\generic\pgf\basiclayer\pgfcorepathconstruct.c
ode.tex"
File: pgfcorepathconstruct.code.tex 2013/10/07  (rcs-revision 1.29)
\pgf@path@lastx=\dimen162
\pgf@path@lasty=\dimen163
)
("C:\Program Files\MiKTeX 2.9\tex\generic\pgf\basiclayer\pgfcorepathusage.code.
tex"
File: pgfcorepathusage.code.tex 2014/11/02  (rcs-revision 1.24)
\pgf@shorten@end@additional=\dimen164
\pgf@shorten@start@additional=\dimen165
)
("C:\Program Files\MiKTeX 2.9\tex\generic\pgf\basiclayer\pgfcorescopes.code.tex
"
File: pgfcorescopes.code.tex 2015/05/08  (rcs-revision 1.46)
\pgfpic=\box61
\pgf@hbox=\box62
\pgf@layerbox@main=\box63
\pgf@picture@serial@count=\count131
)
("C:\Program Files\MiKTeX 2.9\tex\generic\pgf\basiclayer\pgfcoregraphicstate.co
de.tex"
File: pgfcoregraphicstate.code.tex 2014/11/02  (rcs-revision 1.12)
\pgflinewidth=\dimen166
)
("C:\Program Files\MiKTeX 2.9\tex\generic\pgf\basiclayer\pgfcoretransformations
.code.tex"
File: pgfcoretransformations.code.tex 2015/08/07  (rcs-revision 1.20)
\pgf@pt@x=\dimen167
\pgf@pt@y=\dimen168
\pgf@pt@temp=\dimen169
)
("C:\Program Files\MiKTeX 2.9\tex\generic\pgf\basiclayer\pgfcorequick.code.tex"
File: pgfcorequick.code.tex 2008/10/09  (rcs-revision 1.3)
)
("C:\Program Files\MiKTeX 2.9\tex\generic\pgf\basiclayer\pgfcoreobjects.code.te
x"
File: pgfcoreobjects.code.tex 2006/10/11  (rcs-revision 1.2)
)
("C:\Program Files\MiKTeX 2.9\tex\generic\pgf\basiclayer\pgfcorepathprocessing.
code.tex"
File: pgfcorepathprocessing.code.tex 2013/09/09  (rcs-revision 1.9)
)
("C:\Program Files\MiKTeX 2.9\tex\generic\pgf\basiclayer\pgfcorearrows.code.tex
"
File: pgfcorearrows.code.tex 2015/05/14  (rcs-revision 1.43)
\pgfarrowsep=\dimen170
)
("C:\Program Files\MiKTeX 2.9\tex\generic\pgf\basiclayer\pgfcoreshade.code.tex"
File: pgfcoreshade.code.tex 2013/07/15  (rcs-revision 1.15)
\pgf@max=\dimen171
\pgf@sys@shading@range@num=\count132
) ("C:\Program Files\MiKTeX 2.9\tex\generic\pgf\basiclayer\pgfcoreimage.code.te
x"
File: pgfcoreimage.code.tex 2013/07/15  (rcs-revision 1.18)

("C:\Program Files\MiKTeX 2.9\tex\generic\pgf\basiclayer\pgfcoreexternal.code.t
ex"
File: pgfcoreexternal.code.tex 2014/07/09  (rcs-revision 1.21)
\pgfexternal@startupbox=\box64
))
("C:\Program Files\MiKTeX 2.9\tex\generic\pgf\basiclayer\pgfcorelayers.code.tex
"
File: pgfcorelayers.code.tex 2013/07/18  (rcs-revision 1.7)
)
("C:\Program Files\MiKTeX 2.9\tex\generic\pgf\basiclayer\pgfcoretransparency.co
de.tex"
File: pgfcoretransparency.code.tex 2013/09/30  (rcs-revision 1.5)
)
("C:\Program Files\MiKTeX 2.9\tex\generic\pgf\basiclayer\pgfcorepatterns.code.t
ex"
File: pgfcorepatterns.code.tex 2013/11/07  (rcs-revision 1.5)
)))
("C:\Program Files\MiKTeX 2.9\tex\generic\pgf\modules\pgfmoduleshapes.code.tex"
File: pgfmoduleshapes.code.tex 2014/03/21  (rcs-revision 1.35)
\pgfnodeparttextbox=\box65
) ("C:\Program Files\MiKTeX 2.9\tex\generic\pgf\modules\pgfmoduleplot.code.tex"
File: pgfmoduleplot.code.tex 2015/08/03  (rcs-revision 1.13)
)
("C:\Program Files\MiKTeX 2.9\tex\latex\pgf\compatibility\pgfcomp-version-0-65.
sty"
Package: pgfcomp-version-0-65 2007/07/03 v3.0.1a (rcs-revision 1.7)
\pgf@nodesepstart=\dimen172
\pgf@nodesepend=\dimen173
)
("C:\Program Files\MiKTeX 2.9\tex\latex\pgf\compatibility\pgfcomp-version-1-18.
sty"
Package: pgfcomp-version-1-18 2007/07/23 v3.0.1a (rcs-revision 1.1)
)) ("C:\Program Files\MiKTeX 2.9\tex\latex\pgf\utilities\pgffor.sty"
("C:\Program Files\MiKTeX 2.9\tex\latex\pgf\utilities\pgfkeys.sty"
("C:\Program Files\MiKTeX 2.9\tex\generic\pgf\utilities\pgfkeys.code.tex"))
("C:\Program Files\MiKTeX 2.9\tex\latex\pgf\math\pgfmath.sty"
("C:\Program Files\MiKTeX 2.9\tex\generic\pgf\math\pgfmath.code.tex"))
("C:\Program Files\MiKTeX 2.9\tex\generic\pgf\utilities\pgffor.code.tex"
Package: pgffor 2013/12/13 v3.0.1a (rcs-revision 1.25)

("C:\Program Files\MiKTeX 2.9\tex\generic\pgf\math\pgfmath.code.tex")
\pgffor@iter=\dimen174
\pgffor@skip=\dimen175
\pgffor@stack=\toks48
\pgffor@toks=\toks49
))
("C:\Program Files\MiKTeX 2.9\tex\generic\pgf\frontendlayer\tikz\tikz.code.tex"
Package: tikz 2015/08/07 v3.0.1a (rcs-revision 1.151)

("C:\Program Files\MiKTeX 2.9\tex\generic\pgf\libraries\pgflibraryplothandlers.
code.tex"
File: pgflibraryplothandlers.code.tex 2013/08/31 v3.0.1a (rcs-revision 1.20)
\pgf@plot@mark@count=\count133
\pgfplotmarksize=\dimen176
)
\tikz@lastx=\dimen177
\tikz@lasty=\dimen178
\tikz@lastxsaved=\dimen179
\tikz@lastysaved=\dimen180
\tikzleveldistance=\dimen181
\tikzsiblingdistance=\dimen182
\tikz@figbox=\box66
\tikz@figbox@bg=\box67
\tikz@tempbox=\box68
\tikz@tempbox@bg=\box69
\tikztreelevel=\count134
\tikznumberofchildren=\count135
\tikznumberofcurrentchild=\count136
\tikz@fig@count=\count137

("C:\Program Files\MiKTeX 2.9\tex\generic\pgf\modules\pgfmodulematrix.code.tex"
File: pgfmodulematrix.code.tex 2013/09/17  (rcs-revision 1.8)
\pgfmatrixcurrentrow=\count138
\pgfmatrixcurrentcolumn=\count139
\pgf@matrix@numberofcolumns=\count140
)
\tikz@expandcount=\count141

("C:\Program Files\MiKTeX 2.9\tex\generic\pgf\frontendlayer\tikz\libraries\tikz
librarytopaths.code.tex"
File: tikzlibrarytopaths.code.tex 2008/06/17 v3.0.1a (rcs-revision 1.2)
)))
("C:\Program Files\MiKTeX 2.9\tex\latex\tools\longtable.sty"
Package: longtable 2014/10/28 v4.11 Multi-page Table package (DPC)
\LTleft=\skip64
\LTright=\skip65
\LTpre=\skip66
\LTpost=\skip67
\LTchunksize=\count142
\LTcapwidth=\dimen183
\LT@head=\box70
\LT@firsthead=\box71
\LT@foot=\box72
\LT@lastfoot=\box73
\LT@cols=\count143
\LT@rows=\count144
\c@LT@tables=\count145
\c@LT@chunks=\count146
\LT@p@ftn=\toks50
)
Class scrartcl Info: longtable captions redefined on input line 27.

("C:\Program Files\MiKTeX 2.9\tex\latex\multirow\multirow.sty"
\bigstrutjot=\dimen184
)
("C:\Program Files\MiKTeX 2.9\tex\generic\pgf\frontendlayer\tikz\libraries\tikz
libraryarrows.code.tex"
File: tikzlibraryarrows.code.tex 2008/01/09 v3.0.1a (rcs-revision 1.1)

("C:\Program Files\MiKTeX 2.9\tex\generic\pgf\libraries\pgflibraryarrows.code.t
ex"
File: pgflibraryarrows.code.tex 2013/09/23 v3.0.1a (rcs-revision 1.16)
\arrowsize=\dimen185
))
("C:\Program Files\MiKTeX 2.9\tex\generic\pgf\frontendlayer\tikz\libraries\tikz
librarycalc.code.tex"
File: tikzlibrarycalc.code.tex 2013/07/15 v3.0.1a (rcs-revision 1.9)
)
("C:\Program Files\MiKTeX 2.9\tex\latex\hyperref\hyperref.sty"
Package: hyperref 2012/11/06 v6.83m Hypertext links for LaTeX

("C:\Program Files\MiKTeX 2.9\tex\generic\oberdiek\hobsub-hyperref.sty"
Package: hobsub-hyperref 2012/04/25 v1.12 Bundle oberdiek, subset hyperref (HO)


("C:\Program Files\MiKTeX 2.9\tex\generic\oberdiek\hobsub-generic.sty"
Package: hobsub-generic 2012/04/25 v1.12 Bundle oberdiek, subset generic (HO)
Package: hobsub 2012/04/25 v1.12 Construct package bundles (HO)
Package hobsub Info: Skipping package `infwarerr' (already loaded).
Package hobsub Info: Skipping package `ltxcmds' (already loaded).
Package: ifluatex 2010/03/01 v1.3 Provides the ifluatex switch (HO)
Package ifluatex Info: LuaTeX not detected.
Package: ifvtex 2010/03/01 v1.5 Detect VTeX and its facilities (HO)
Package ifvtex Info: VTeX not detected.
Package: intcalc 2007/09/27 v1.1 Expandable calculations with integers (HO)
Package hobsub Info: Skipping package `ifpdf' (already loaded).
Package: etexcmds 2011/02/16 v1.5 Avoid name clashes with e-TeX commands (HO)
Package etexcmds Info: Could not find \expanded.
(etexcmds)             That can mean that you are not using pdfTeX 1.50 or
(etexcmds)             that some package has redefined \expanded.
(etexcmds)             In the latter case, load this package earlier.
Package: kvsetkeys 2012/04/25 v1.16 Key value parser (HO)
Package: kvdefinekeys 2011/04/07 v1.3 Define keys (HO)
Package: pdftexcmds 2011/11/29 v0.20 Utility functions of pdfTeX for LuaTeX (HO
)
Package pdftexcmds Info: LuaTeX not detected.
Package pdftexcmds Info: \pdf@primitive is available.
Package pdftexcmds Info: \pdf@ifprimitive is available.
Package pdftexcmds Info: \pdfdraftmode found.
Package: pdfescape 2011/11/25 v1.13 Implements pdfTeX's escape features (HO)
Package: bigintcalc 2012/04/08 v1.3 Expandable calculations on big integers (HO
)
Package: bitset 2011/01/30 v1.1 Handle bit-vector datatype (HO)
Package: uniquecounter 2011/01/30 v1.2 Provide unlimited unique counter (HO)
)
Package hobsub Info: Skipping package `hobsub' (already loaded).
Package: letltxmacro 2010/09/02 v1.4 Let assignment for LaTeX macros (HO)
Package: hopatch 2011/06/24 v1.1 Wrapper for package hooks (HO)
Package: xcolor-patch 2011/01/30 xcolor patch
Package: atveryend 2011/06/30 v1.8 Hooks at the very end of document (HO)
Package atveryend Info: \enddocument detected (standard20110627).
Package hobsub Info: Skipping package `atbegshi' (already loaded).
Package: refcount 2011/10/16 v3.4 Data extraction from label references (HO)
Package: hycolor 2011/01/30 v1.7 Color options for hyperref/bookmark (HO)
)
("C:\Program Files\MiKTeX 2.9\tex\generic\ifxetex\ifxetex.sty"
Package: ifxetex 2010/09/12 v0.6 Provides ifxetex conditional
)
("C:\Program Files\MiKTeX 2.9\tex\latex\oberdiek\auxhook.sty"
Package: auxhook 2011/03/04 v1.3 Hooks for auxiliary files (HO)
)
("C:\Program Files\MiKTeX 2.9\tex\latex\oberdiek\kvoptions.sty"
Package: kvoptions 2011/06/30 v3.11 Key value format for package options (HO)
)
\@linkdim=\dimen186
\Hy@linkcounter=\count147
\Hy@pagecounter=\count148

("C:\Program Files\MiKTeX 2.9\tex\latex\hyperref\pd1enc.def"
File: pd1enc.def 2012/11/06 v6.83m Hyperref: PDFDocEncoding definition (HO)
)
\Hy@SavedSpaceFactor=\count149

("C:\Program Files\MiKTeX 2.9\tex\latex\00miktex\hyperref.cfg"
File: hyperref.cfg 2002/06/06 v1.2 hyperref configuration of TeXLive
)
Package hyperref Info: Hyper figures OFF on input line 4443.
Package hyperref Info: Link nesting OFF on input line 4448.
Package hyperref Info: Hyper index ON on input line 4451.
Package hyperref Info: Plain pages OFF on input line 4458.
Package hyperref Info: Backreferencing OFF on input line 4463.
Package hyperref Info: Implicit mode ON; LaTeX internals redefined.
Package hyperref Info: Bookmarks ON on input line 4688.
\c@Hy@tempcnt=\count150

("C:\Program Files\MiKTeX 2.9\tex\latex\url\url.sty"
\Urlmuskip=\muskip11
Package: url 2013/09/16  ver 3.4  Verb mode for urls, etc.
)
LaTeX Info: Redefining \url on input line 5041.
\XeTeXLinkMargin=\dimen187
\Fld@menulength=\count151
\Field@Width=\dimen188
\Fld@charsize=\dimen189
Package hyperref Info: Hyper figures OFF on input line 6295.
Package hyperref Info: Link nesting OFF on input line 6300.
Package hyperref Info: Hyper index ON on input line 6303.
Package hyperref Info: backreferencing OFF on input line 6310.
Package hyperref Info: Link coloring OFF on input line 6315.
Package hyperref Info: Link coloring with OCG OFF on input line 6320.
Package hyperref Info: PDF/A mode OFF on input line 6325.
LaTeX Info: Redefining \ref on input line 6365.
LaTeX Info: Redefining \pageref on input line 6369.
\Hy@abspage=\count152
\c@Item=\count153
\c@Hfootnote=\count154
)

Package hyperref Message: Driver: hpdftex.

("C:\Program Files\MiKTeX 2.9\tex\latex\hyperref\hpdftex.def"
File: hpdftex.def 2012/11/06 v6.83m Hyperref driver for pdfTeX
\Fld@listcount=\count155
\c@bookmark@seq@number=\count156

("C:\Program Files\MiKTeX 2.9\tex\latex\oberdiek\rerunfilecheck.sty"
Package: rerunfilecheck 2011/04/15 v1.7 Rerun checks for auxiliary files (HO)
Package uniquecounter Info: New unique counter `rerunfilecheck' on input line 2
82.
)
\Hy@SectionHShift=\skip68
)
Package hyperref Info: Option `breaklinks' set `true' on input line 47.
Package hyperref Info: Option `colorlinks' set `true' on input line 47.
Package hyperref Info: Option `bookmarksopen' set `true' on input line 47.


Class scrartcl Warning: Usage of package `fancyhdr' together
(scrartcl)              with a KOMA-Script class is not recommended.
(scrartcl)              I'd suggest to use 
(scrartcl)              package `scrlayer-scrpage'.
(scrartcl)              Nevertheless, using requested
(scrartcl)              package `fancyhdr' on input line 85.

("C:\Program Files\MiKTeX 2.9\tex\latex\fancyhdr\fancyhdr.sty"
\fancy@headwidth=\skip69
\f@ncyO@elh=\skip70
\f@ncyO@erh=\skip71
\f@ncyO@olh=\skip72
\f@ncyO@orh=\skip73
\f@ncyO@elf=\skip74
\f@ncyO@erf=\skip75
\f@ncyO@olf=\skip76
\f@ncyO@orf=\skip77
)
("C:\Program Files\MiKTeX 2.9\tex\latex\fncychap\fncychap.sty"
Package: fncychap 2007/07/30 v1.34 LaTeX package (Revised chapters)
\RW=\skip78
\mylen=\skip79
\myhi=\skip80
\px=\skip81
\py=\skip82
\pyy=\skip83
\pxx=\skip84
) (mytheorem.sty
\c@secnum=\count157
\c@thm=\count158
) (mathematische_operatoren.tex) (Hausarbeit.aux)
\openout1 = `Hausarbeit.aux'.

LaTeX Font Info:    Checking defaults for OML/cmm/m/it on input line 100.
LaTeX Font Info:    ... okay on input line 100.
LaTeX Font Info:    Checking defaults for T1/cmr/m/n on input line 100.
LaTeX Font Info:    ... okay on input line 100.
LaTeX Font Info:    Checking defaults for OT1/cmr/m/n on input line 100.
LaTeX Font Info:    ... okay on input line 100.
LaTeX Font Info:    Checking defaults for OMS/cmsy/m/n on input line 100.
LaTeX Font Info:    ... okay on input line 100.
LaTeX Font Info:    Checking defaults for OMX/cmex/m/n on input line 100.
LaTeX Font Info:    ... okay on input line 100.
LaTeX Font Info:    Checking defaults for U/cmr/m/n on input line 100.
LaTeX Font Info:    ... okay on input line 100.
LaTeX Font Info:    Checking defaults for PD1/pdf/m/n on input line 100.
LaTeX Font Info:    ... okay on input line 100.

("C:\Program Files\MiKTeX 2.9\tex\latex\ucs\ucsencs.def"
File: ucsencs.def 2011/01/21 Fixes to fontencodings LGR, T3
)
("C:\Program Files\MiKTeX 2.9\tex\context\base\supp-pdf.mkii"
[Loading MPS to PDF converter (version 2006.09.02).]
\scratchcounter=\count159
\scratchdimen=\dimen190
\scratchbox=\box74
\nofMPsegments=\count160
\nofMParguments=\count161
\everyMPshowfont=\toks51
\MPscratchCnt=\count162
\MPscratchDim=\dimen191
\MPnumerator=\count163
\makeMPintoPDFobject=\count164
\everyMPtoPDFconversion=\toks52
)
Package caption Info: Begin \AtBeginDocument code.
Package caption Info: hyperref package is loaded.
Package caption Info: longtable package is loaded.
 ("C:\Program Files\MiKTeX 2.9\tex\latex\caption\ltcaption.sty"
Package: ltcaption 2013/06/09 v1.4-94 longtable captions (AR)
)
Package caption Info: End \AtBeginDocument code.

("C:\Program Files\MiKTeX 2.9\tex\latex\oberdiek\epstopdf-base.sty"
Package: epstopdf-base 2010/02/09 v2.5 Base part for package epstopdf

("C:\Program Files\MiKTeX 2.9\tex\latex\oberdiek\grfext.sty"
Package: grfext 2010/08/19 v1.1 Manage graphics extensions (HO)
)
Package grfext Info: Graphics extension search list:
(grfext)             [.png,.pdf,.jpg,.mps,.jpeg,.jbig2,.jb2,.PNG,.PDF,.JPG,.JPE
G,.JBIG2,.JB2,.eps]
(grfext)             \AppendGraphicsExtensions on input line 452.
)
\AtBeginShipoutBox=\box75

("C:\Program Files\MiKTeX 2.9\tex\latex\oberdiek\pdflscape.sty"
Package: pdflscape 2008/08/11 v0.10 Display of landscape pages in PDF (HO)

("C:\Program Files\MiKTeX 2.9\tex\latex\graphics\lscape.sty"
Package: lscape 2000/10/22 v3.01 Landscape Pages (DPC)
)
Package pdflscape Info: Auto-detected driver: pdftex on input line 80.
)
ABD: EveryShipout initializing macros
Package hyperref Info: Link coloring ON on input line 100.

("C:\Program Files\MiKTeX 2.9\tex\latex\hyperref\nameref.sty"
Package: nameref 2012/10/27 v2.43 Cross-referencing by name of section

("C:\Program Files\MiKTeX 2.9\tex\generic\oberdiek\gettitlestring.sty"
Package: gettitlestring 2010/12/03 v1.4 Cleanup title references (HO)
)
\c@section@level=\count165
)
LaTeX Info: Redefining \ref on input line 100.
LaTeX Info: Redefining \pageref on input line 100.
LaTeX Info: Redefining \nameref on input line 100.

(Hausarbeit.out) (Hausarbeit.out)
\@outlinefile=\write4
\openout4 = `Hausarbeit.out'.

 (Hausarbeit_Deckblatt.tex
<logo.png, id=190, 111.41624pt x 82.50826pt>
File: logo.png Graphic file (type png)
 <use logo.png>
Package pdftex.def Info: logo.png used on input line 7.
(pdftex.def)             Requested size: 133.69882pt x 99.00938pt.

("C:\Program Files\MiKTeX 2.9\tex\latex\ucs\uni-0.def"
File: uni-0.def 2013/05/13 UCS: Unicode data U+0000..U+00FF
)
LaTeX Font Info:    Try loading font information for U+msa on input line 17.

("C:\Program Files\MiKTeX 2.9\tex\latex\amsfonts\umsa.fd"
File: umsa.fd 2013/01/14 v3.01 AMS symbols A
)
LaTeX Font Info:    Try loading font information for U+msb on input line 17.

("C:\Program Files\MiKTeX 2.9\tex\latex\amsfonts\umsb.fd"
File: umsb.fd 2013/01/14 v3.01 AMS symbols B
)
Overfull \hbox (181.86012pt too wide) in paragraph at lines 5--18
[][] $[]$ 
 []

("C:\Program Files\MiKTeX 2.9\tex\latex\ucs\uni-32.def"
File: uni-32.def 2013/05/13 UCS: Unicode data U+2000..U+20FF
)
Overfull \hbox (47.41946pt too wide) in paragraph at lines 33--44
[]$[]$ $[]$ 
 []

)
Package babel Info: Redefining ngerman shorthand "|
(babel)             in language  on input line 109.
Package babel Info: Redefining ngerman shorthand "~
(babel)             in language  on input line 109.
Package babel Info: Redefining ngerman shorthand "|
(babel)             in language  on input line 109.
Package babel Info: Redefining ngerman shorthand "~
(babel)             in language  on input line 109.
 [1

{C:/Users/Julia/AppData/Local/MiKTeX/2.9/pdftex/config/pdftex.map} <./logo.png>
]
LaTeX Font Info:    Try loading font information for T1+cmss on input line 112.

 ("C:\Program Files\MiKTeX 2.9\tex\latex\base\t1cmss.fd"
File: t1cmss.fd 2014/09/29 v2.5h Standard LaTeX font definitions
) (Hausarbeit.toc
Overfull \hbox (0.8928pt too wide) in paragraph at lines 32--32
 [][] [][][]\T1/cmr/m/n/12 Erstellen des Dreh-buchs - Un-ter-tei-lung und Fest-
le-gung von Schwer- 
 []

Package babel Info: Redefining ngerman shorthand "|
(babel)             in language  on input line 35.
Package babel Info: Redefining ngerman shorthand "~
(babel)             in language  on input line 35.
Package babel Info: Redefining ngerman shorthand "|
(babel)             in language  on input line 35.
Package babel Info: Redefining ngerman shorthand "~
(babel)             in language  on input line 35.
[2]
Overfull \hbox (18.87035pt too wide) in paragraph at lines 48--48
 [][] [][][]\T1/cmr/m/n/12 Exemplarische Port-fo-lio-map-pe zum The-ma Ab-gren
-zung des Be-griffs Laplace- 
 []

)
\tf@toc=\write5
\openout5 = `Hausarbeit.toc'.

Package babel Info: Redefining ngerman shorthand "|
(babel)             in language  on input line 113.
Package babel Info: Redefining ngerman shorthand "~
(babel)             in language  on input line 113.
Package babel Info: Redefining ngerman shorthand "|
(babel)             in language  on input line 113.
Package babel Info: Redefining ngerman shorthand "~
(babel)             in language  on input line 113.
 [3]
Package babel Info: Redefining ngerman shorthand "|
(babel)             in language  on input line 121.
Package babel Info: Redefining ngerman shorthand "~
(babel)             in language  on input line 121.


LaTeX Warning: Citation `lp16' on page 4 undefined on input line 131.


Overfull \hbox (2.61049pt too wide) in paragraph at lines 122--132
$[]$ $[]$
 []

Package babel Info: Redefining ngerman shorthand "|
(babel)             in language  on input line 134.
Package babel Info: Redefining ngerman shorthand "~
(babel)             in language  on input line 134.
Package babel Info: Redefining ngerman shorthand "|
(babel)             in language  on input line 136.
Package babel Info: Redefining ngerman shorthand "~
(babel)             in language  on input line 136.
Package babel Info: Redefining ngerman shorthand "|
(babel)             in language  on input line 136.
Package babel Info: Redefining ngerman shorthand "~
(babel)             in language  on input line 136.
[4]
Package babel Info: Redefining ngerman shorthand "|
(babel)             in language  on input line 137.
Package babel Info: Redefining ngerman shorthand "~
(babel)             in language  on input line 137.

Underfull \hbox (badness 10000) in paragraph at lines 138--139

 []

Package babel Info: Redefining ngerman shorthand "|
(babel)             in language  on input line 139.
Package babel Info: Redefining ngerman shorthand "~
(babel)             in language  on input line 139.
Package babel Info: Redefining ngerman shorthand "|
(babel)             in language  on input line 142.
Package babel Info: Redefining ngerman shorthand "~
(babel)             in language  on input line 142.
Package babel Info: Redefining ngerman shorthand "|
(babel)             in language  on input line 142.
Package babel Info: Redefining ngerman shorthand "~
(babel)             in language  on input line 142.
[5]
Package babel Info: Redefining ngerman shorthand "|
(babel)             in language  on input line 142.
Package babel Info: Redefining ngerman shorthand "~
(babel)             in language  on input line 142.
Package babel Info: Redefining ngerman shorthand "|
(babel)             in language  on input line 147.
Package babel Info: Redefining ngerman shorthand "~
(babel)             in language  on input line 147.
Package babel Info: Redefining ngerman shorthand "|
(babel)             in language  on input line 148.
Package babel Info: Redefining ngerman shorthand "~
(babel)             in language  on input line 148.
Package babel Info: Redefining ngerman shorthand "|
(babel)             in language  on input line 148.
Package babel Info: Redefining ngerman shorthand "~
(babel)             in language  on input line 148.
 [6]
Package babel Info: Redefining ngerman shorthand "|
(babel)             in language  on input line 148.
Package babel Info: Redefining ngerman shorthand "~
(babel)             in language  on input line 148.
Package babel Info: Redefining ngerman shorthand "|
(babel)             in language  on input line 153.
Package babel Info: Redefining ngerman shorthand "~
(babel)             in language  on input line 153.
LaTeX Font Info:    Try loading font information for T1+cmtt on input line 155.

 ("C:\Program Files\MiKTeX 2.9\tex\latex\base\t1cmtt.fd"
File: t1cmtt.fd 2014/09/29 v2.5h Standard LaTeX font definitions
)
Package babel Info: Redefining ngerman shorthand "|
(babel)             in language  on input line 156.
Package babel Info: Redefining ngerman shorthand "~
(babel)             in language  on input line 156.
Package babel Info: Redefining ngerman shorthand "|
(babel)             in language  on input line 161.
Package babel Info: Redefining ngerman shorthand "~
(babel)             in language  on input line 161.
Package babel Info: Redefining ngerman shorthand "|
(babel)             in language  on input line 161.
Package babel Info: Redefining ngerman shorthand "~
(babel)             in language  on input line 161.
 [7]
Package babel Info: Redefining ngerman shorthand "|
(babel)             in language  on input line 162.
Package babel Info: Redefining ngerman shorthand "~
(babel)             in language  on input line 162.
Package babel Info: Redefining ngerman shorthand "|
(babel)             in language  on input line 163.
Package babel Info: Redefining ngerman shorthand "~
(babel)             in language  on input line 163.
Package babel Info: Redefining ngerman shorthand "|
(babel)             in language  on input line 164.
Package babel Info: Redefining ngerman shorthand "~
(babel)             in language  on input line 164.
Package babel Info: Redefining ngerman shorthand "|
(babel)             in language  on input line 165.
Package babel Info: Redefining ngerman shorthand "~
(babel)             in language  on input line 165.


LaTeX Warning: Citation `Slopinski' on page 8 undefined on input line 167.


Overfull \hbox (48.216pt too wide) in paragraph at lines 166--170
\T1/cmr/m/n/12 Lern-pro-zess ein-zu-tre-ten und da-bei Hand-lun-gen für den Er-
werb von Kom-pe-ten-zen auszuführen.$ $[[]]
 []

Package babel Info: Redefining ngerman shorthand "|
(babel)             in language  on input line 170.
Package babel Info: Redefining ngerman shorthand "~
(babel)             in language  on input line 170.
Package babel Info: Redefining ngerman shorthand "|
(babel)             in language  on input line 170.
Package babel Info: Redefining ngerman shorthand "~
(babel)             in language  on input line 170.
[8]
Package babel Info: Redefining ngerman shorthand "|
(babel)             in language  on input line 170.
Package babel Info: Redefining ngerman shorthand "~
(babel)             in language  on input line 170.
Package babel Info: Redefining ngerman shorthand "|
(babel)             in language  on input line 170.
Package babel Info: Redefining ngerman shorthand "~
(babel)             in language  on input line 170.
 [9]
Package babel Info: Redefining ngerman shorthand "|
(babel)             in language  on input line 172.
Package babel Info: Redefining ngerman shorthand "~
(babel)             in language  on input line 172.


LaTeX Warning: Citation `LehrplanPlus' on page 10 undefined on input line 174.

Package babel Info: Redefining ngerman shorthand "|
(babel)             in language  on input line 175.
Package babel Info: Redefining ngerman shorthand "~
(babel)             in language  on input line 175.

Overfull \hbox (21.63765pt too wide) in paragraph at lines 176--179
\T1/cmr/m/n/12 Das Fach Ma-the-ma-tik setzt sich das Er-ler-nen ei-ner sach-ge
-rech-ten Nut-zung von Informations-
 []


Underfull \hbox (badness 10000) in paragraph at lines 176--179

 []

Package babel Info: Redefining ngerman shorthand "|
(babel)             in language  on input line 179.
Package babel Info: Redefining ngerman shorthand "~
(babel)             in language  on input line 179.
Package babel Info: Redefining ngerman shorthand "|
(babel)             in language  on input line 179.
Package babel Info: Redefining ngerman shorthand "~
(babel)             in language  on input line 179.
[10]
Package babel Info: Redefining ngerman shorthand "|
(babel)             in language  on input line 179.
Package babel Info: Redefining ngerman shorthand "~
(babel)             in language  on input line 179.
 <Kompetenzstrukturmodell.png, id=307, 605.26125pt x 295.1025pt>
File: Kompetenzstrukturmodell.png Graphic file (type png)

<use Kompetenzstrukturmodell.png>
Package pdftex.def Info: Kompetenzstrukturmodell.png used on input line 180.
(pdftex.def)             Requested size: 363.15953pt x 177.06285pt.

Underfull \hbox (badness 10000) in paragraph at lines 180--181

 []

Package babel Info: Redefining ngerman shorthand "|
(babel)             in language  on input line 181.
Package babel Info: Redefining ngerman shorthand "~
(babel)             in language  on input line 181.
Package babel Info: Redefining ngerman shorthand "|
(babel)             in language  on input line 188.
Package babel Info: Redefining ngerman shorthand "~
(babel)             in language  on input line 188.
Package babel Info: Redefining ngerman shorthand "|
(babel)             in language  on input line 188.
Package babel Info: Redefining ngerman shorthand "~
(babel)             in language  on input line 188.
[11 <./Kompetenzstrukturmodell.png>]
<KunstFachprofil.png, id=318, 361.95226pt x 268.00125pt>
File: KunstFachprofil.png Graphic file (type png)

<use KunstFachprofil.png>
Package pdftex.def Info: KunstFachprofil.png used on input line 189.
(pdftex.def)             Requested size: 108.5865pt x 80.40099pt.
Package babel Info: Redefining ngerman shorthand "|
(babel)             in language  on input line 195.
Package babel Info: Redefining ngerman shorthand "~
(babel)             in language  on input line 195.
Package babel Info: Redefining ngerman shorthand "|
(babel)             in language  on input line 195.
Package babel Info: Redefining ngerman shorthand "~
(babel)             in language  on input line 195.
 [12 <./KunstFachprofil.png>]
Package babel Info: Redefining ngerman shorthand "|
(babel)             in language  on input line 198.
Package babel Info: Redefining ngerman shorthand "~
(babel)             in language  on input line 198.

Underfull \hbox (badness 10000) in paragraph at lines 199--201

 []


Underfull \hbox (badness 10000) in paragraph at lines 202--204

 []

Package babel Info: Redefining ngerman shorthand "|
(babel)             in language  on input line 204.
Package babel Info: Redefining ngerman shorthand "~
(babel)             in language  on input line 204.
Package babel Info: Redefining ngerman shorthand "|
(babel)             in language  on input line 204.
Package babel Info: Redefining ngerman shorthand "~
(babel)             in language  on input line 204.
[13]
Underfull \hbox (badness 10000) in paragraph at lines 205--206

 []


Overfull \hbox (35.86322pt too wide) in paragraph at lines 211--213
[]\T1/cmr/m/n/12 Mathematisch Argumentieren$ $, Ma-the-ma-tisch Modellieren
$ $, Ma-the-ma-ti-sche Darstellungen$ $
 []

Package babel Info: Redefining ngerman shorthand "|
(babel)             in language  on input line 215.
Package babel Info: Redefining ngerman shorthand "~
(babel)             in language  on input line 215.
Package babel Info: Redefining ngerman shorthand "|
(babel)             in language  on input line 216.
Package babel Info: Redefining ngerman shorthand "~
(babel)             in language  on input line 216.
Package babel Info: Redefining ngerman shorthand "|
(babel)             in language  on input line 218.
Package babel Info: Redefining ngerman shorthand "~
(babel)             in language  on input line 218.
Package babel Info: Redefining ngerman shorthand "|
(babel)             in language  on input line 218.
Package babel Info: Redefining ngerman shorthand "~
(babel)             in language  on input line 218.
[14]
Package babel Info: Redefining ngerman shorthand "|
(babel)             in language  on input line 221.
Package babel Info: Redefining ngerman shorthand "~
(babel)             in language  on input line 221.
Package babel Info: Redefining ngerman shorthand "|
(babel)             in language  on input line 226.
Package babel Info: Redefining ngerman shorthand "~
(babel)             in language  on input line 226.
Package babel Info: Redefining ngerman shorthand "|
(babel)             in language  on input line 226.
Package babel Info: Redefining ngerman shorthand "~
(babel)             in language  on input line 226.
 [15]
Package babel Info: Redefining ngerman shorthand "|
(babel)             in language  on input line 226.
Package babel Info: Redefining ngerman shorthand "~
(babel)             in language  on input line 226.

Overfull \hbox (10.77794pt too wide) in paragraph at lines 227--229
\T1/cmr/m/n/12 Der pro-jek-t-ori-en-tier-te Zu-gang zu dem The-ma Ab-gren-zung 
des Be-griffs Laplace-Experiment
 []

Package babel Info: Redefining ngerman shorthand "|
(babel)             in language  on input line 229.
Package babel Info: Redefining ngerman shorthand "~
(babel)             in language  on input line 229.

Underfull \hbox (badness 1460) in paragraph at lines 234--234
[]|\T1/cmr/m/n/12 Amadeo, Ur-ban,
 []


Underfull \hbox (badness 10000) in paragraph at lines 236--236
[]|\T1/cmr/m/n/12 Helena, Me-li-na,
 []


Underfull \hbox (badness 10000) in paragraph at lines 238--238
[]|\T1/cmr/m/n/12 Max, Yan-nick,
 []


Underfull \hbox (badness 7012) in paragraph at lines 239--239
[]|\T1/cmr/m/n/12 Emilia, Me-lis-sa,
 []


Underfull \vbox (badness 10000) detected at line 241
 []

Package babel Info: Redefining ngerman shorthand "|
(babel)             in language  on input line 241.
Package babel Info: Redefining ngerman shorthand "~
(babel)             in language  on input line 241.
Package babel Info: Redefining ngerman shorthand "|
(babel)             in language  on input line 241.
Package babel Info: Redefining ngerman shorthand "~
(babel)             in language  on input line 241.
[16]
Package babel Info: Redefining ngerman shorthand "|
(babel)             in language  on input line 242.
Package babel Info: Redefining ngerman shorthand "~
(babel)             in language  on input line 242.
Package babel Info: Redefining ngerman shorthand "|
(babel)             in language  on input line 244.
Package babel Info: Redefining ngerman shorthand "~
(babel)             in language  on input line 244.

Underfull \hbox (badness 10000) in paragraph at lines 245--246

 []


Overfull \hbox (20.74207pt too wide) in alignment at lines 246--267
 [] [] [] 
 []


Underfull \vbox (badness 10000) detected at line 267
 []

Package babel Info: Redefining ngerman shorthand "|
(babel)             in language  on input line 267.
Package babel Info: Redefining ngerman shorthand "~
(babel)             in language  on input line 267.
Package babel Info: Redefining ngerman shorthand "|
(babel)             in language  on input line 267.
Package babel Info: Redefining ngerman shorthand "~
(babel)             in language  on input line 267.
[17]
Package babel Info: Redefining ngerman shorthand "|
(babel)             in language  on input line 270.
Package babel Info: Redefining ngerman shorthand "~
(babel)             in language  on input line 270.
Package babel Info: Redefining ngerman shorthand "|
(babel)             in language  on input line 271.
Package babel Info: Redefining ngerman shorthand "~
(babel)             in language  on input line 271.
 <Projektauftrag.png, id=352, 563.10374pt x 405.31425pt>
File: Projektauftrag.png Graphic file (type png)

<use Projektauftrag.png>
Package pdftex.def Info: Projektauftrag.png used on input line 275.
(pdftex.def)             Requested size: 337.86485pt x 243.19043pt.

Underfull \hbox (badness 10000) in paragraph at lines 272--278

 []

Package babel Info: Redefining ngerman shorthand "|
(babel)             in language  on input line 278.
Package babel Info: Redefining ngerman shorthand "~
(babel)             in language  on input line 278.
Package babel Info: Redefining ngerman shorthand "|
(babel)             in language  on input line 278.
Package babel Info: Redefining ngerman shorthand "~
(babel)             in language  on input line 278.
[18]
Package babel Info: Redefining ngerman shorthand "|
(babel)             in language  on input line 278.
Package babel Info: Redefining ngerman shorthand "~
(babel)             in language  on input line 278.
Package babel Info: Redefining ngerman shorthand "|
(babel)             in language  on input line 278.
Package babel Info: Redefining ngerman shorthand "~
(babel)             in language  on input line 278.
 [19 <./Projektauftrag.png>]
Package babel Info: Redefining ngerman shorthand "|
(babel)             in language  on input line 282.
Package babel Info: Redefining ngerman shorthand "~
(babel)             in language  on input line 282.
Package babel Info: Redefining ngerman shorthand "|
(babel)             in language  on input line 282.
Package babel Info: Redefining ngerman shorthand "~
(babel)             in language  on input line 282.
 [20]
Package babel Info: Redefining ngerman shorthand "|
(babel)             in language  on input line 286.
Package babel Info: Redefining ngerman shorthand "~
(babel)             in language  on input line 286.
Package babel Info: Redefining ngerman shorthand "|
(babel)             in language  on input line 288.
Package babel Info: Redefining ngerman shorthand "~
(babel)             in language  on input line 288.
Package babel Info: Redefining ngerman shorthand "|
(babel)             in language  on input line 288.
Package babel Info: Redefining ngerman shorthand "~
(babel)             in language  on input line 288.
 [21]
Package babel Info: Redefining ngerman shorthand "|
(babel)             in language  on input line 288.
Package babel Info: Redefining ngerman shorthand "~
(babel)             in language  on input line 288.
Package babel Info: Redefining ngerman shorthand "|
(babel)             in language  on input line 289.
Package babel Info: Redefining ngerman shorthand "~
(babel)             in language  on input line 289.
Package babel Info: Redefining ngerman shorthand "|
(babel)             in language  on input line 290.
Package babel Info: Redefining ngerman shorthand "~
(babel)             in language  on input line 290.
Package babel Info: Redefining ngerman shorthand "|
(babel)             in language  on input line 291.
Package babel Info: Redefining ngerman shorthand "~
(babel)             in language  on input line 291.
Package babel Info: Redefining ngerman shorthand "|
(babel)             in language  on input line 292.
Package babel Info: Redefining ngerman shorthand "~
(babel)             in language  on input line 292.
Package babel Info: Redefining ngerman shorthand "|
(babel)             in language  on input line 293.
Package babel Info: Redefining ngerman shorthand "~
(babel)             in language  on input line 293.
Package babel Info: Redefining ngerman shorthand "|
(babel)             in language  on input line 294.
Package babel Info: Redefining ngerman shorthand "~
(babel)             in language  on input line 294.
Package babel Info: Redefining ngerman shorthand "|
(babel)             in language  on input line 295.
Package babel Info: Redefining ngerman shorthand "~
(babel)             in language  on input line 295.
Package babel Info: Redefining ngerman shorthand "|
(babel)             in language  on input line 296.
Package babel Info: Redefining ngerman shorthand "~
(babel)             in language  on input line 296.
Package babel Info: Redefining ngerman shorthand "|
(babel)             in language  on input line 297.
Package babel Info: Redefining ngerman shorthand "~
(babel)             in language  on input line 297.
Package babel Info: Redefining ngerman shorthand "|
(babel)             in language  on input line 297.
Package babel Info: Redefining ngerman shorthand "~
(babel)             in language  on input line 297.
 [22]
Package babel Info: Redefining ngerman shorthand "|
(babel)             in language  on input line 298.
Package babel Info: Redefining ngerman shorthand "~
(babel)             in language  on input line 298.
 (Hausarbeit.bbl
Underfull \hbox (badness 3250) in paragraph at lines 31--36
[]\T1/cmr/m/it/14.4 JIM-Studie 2016\T1/cmr/m/n/14.4 .  [][]$\T1/cmtt/m/n/14.4 h
ttps : / / www . mpfs . de / fileadmin / files /$
 []


Underfull \hbox (badness 10000) in paragraph at lines 45--48
[]\T1/cmr/m/it/14.4 Videoaufnahmen im Schul-un-ter-richt\T1/cmr/m/n/14.4 .  [][
]$\T1/cmtt/m/n/14.4 https : / / www .$
 []


Underfull \hbox (badness 2856) in paragraph at lines 45--48
$\T1/cmtt/m/n/14.4 datenschutz-[]bayern . de / 5 / videoaufnahmen . html$[][]\T
1/cmr/m/n/14.4 , . --  Ab-
 []


Underfull \hbox (badness 3895) in paragraph at lines 55--60
[]\T1/cmr/m/it/14.4 Lehrplan Ma-the-ma-tik Jahr-gangs-stu-fe 8, G8\T1/cmr/m/n/1
4.4 .  [][]$\T1/cmtt/m/n/14.4 http : / / www .$
 []


Underfull \hbox (badness 10000) in paragraph at lines 55--60
$\T1/cmtt/m/n/14.4 isb-[]gym8-[]lehrplan . de / contentserv / 3 . 1 . neu / g8 
. de / index .$
 []

Package babel Info: Redefining ngerman shorthand "|
(babel)             in language  on input line 60.
Package babel Info: Redefining ngerman shorthand "~
(babel)             in language  on input line 60.
Package babel Info: Redefining ngerman shorthand "|
(babel)             in language  on input line 60.
Package babel Info: Redefining ngerman shorthand "~
(babel)             in language  on input line 60.
[23])
Package babel Info: Redefining ngerman shorthand "|
(babel)             in language  on input line 302.
Package babel Info: Redefining ngerman shorthand "~
(babel)             in language  on input line 302.
Package babel Info: Redefining ngerman shorthand "|
(babel)             in language  on input line 302.
Package babel Info: Redefining ngerman shorthand "~
(babel)             in language  on input line 302.
 [24]
Package babel Info: Redefining ngerman shorthand "|
(babel)             in language  on input line 303.
Package babel Info: Redefining ngerman shorthand "~
(babel)             in language  on input line 303.

Underfull \hbox (badness 10000) in paragraph at lines 304--309

 []


Underfull \hbox (badness 10000) in paragraph at lines 304--309

 []

Package babel Info: Redefining ngerman shorthand "|
(babel)             in language  on input line 309.
Package babel Info: Redefining ngerman shorthand "~
(babel)             in language  on input line 309.
Package babel Info: Redefining ngerman shorthand "|
(babel)             in language  on input line 310.
Package babel Info: Redefining ngerman shorthand "~
(babel)             in language  on input line 310.

<Elternbrief_Bildveroeffentlichung_Version2.pdf, id=403, 597.23125pt x 845.1575
pt>
File: Elternbrief_Bildveroeffentlichung_Version2.pdf Graphic file (type pdf)
 <use Elternbrief_Bildveroeffentlichung_Version2.pdf>
Package pdftex.def Info: Elternbrief_Bildveroeffentlichung_Version2.pdf used on
 input line 311.
(pdftex.def)             Requested size: 597.22978pt x 845.15544pt.
File: Elternbrief_Bildveroeffentlichung_Version2.pdf Graphic file (type pdf)

<use Elternbrief_Bildveroeffentlichung_Version2.pdf>
Package pdftex.def Info: Elternbrief_Bildveroeffentlichung_Version2.pdf used on
 input line 311.
(pdftex.def)             Requested size: 597.22978pt x 845.15544pt.

<Elternbrief_Bildveroeffentlichung_Version2.pdf, id=406, page=1, 597.23125pt x 
845.1575pt>
File: Elternbrief_Bildveroeffentlichung_Version2.pdf Graphic file (type pdf)
 <use Elternbrief_Bildveroeffentlichung_Version2.pdf, page 1>
Package pdftex.def Info: Elternbrief_Bildveroeffentlichung_Version2.pdf, page1 
used on input line 311.
(pdftex.def)             Requested size: 597.22978pt x 845.15544pt.
File: Elternbrief_Bildveroeffentlichung_Version2.pdf Graphic file (type pdf)

<use Elternbrief_Bildveroeffentlichung_Version2.pdf, page 1>
Package pdftex.def Info: Elternbrief_Bildveroeffentlichung_Version2.pdf, page1 
used on input line 311.
(pdftex.def)             Requested size: 597.25711pt x 845.19412pt.
Package babel Info: Redefining ngerman shorthand "|
(babel)             in language  on input line 311.
Package babel Info: Redefining ngerman shorthand "~
(babel)             in language  on input line 311.
Package babel Info: Redefining ngerman shorthand "|
(babel)             in language  on input line 311.
Package babel Info: Redefining ngerman shorthand "~
(babel)             in language  on input line 311.
 [25]
File: Elternbrief_Bildveroeffentlichung_Version2.pdf Graphic file (type pdf)

<use Elternbrief_Bildveroeffentlichung_Version2.pdf, page 1>
Package pdftex.def Info: Elternbrief_Bildveroeffentlichung_Version2.pdf, page1 
used on input line 311.
(pdftex.def)             Requested size: 597.25711pt x 845.19412pt.
File: Elternbrief_Bildveroeffentlichung_Version2.pdf Graphic file (type pdf)

<use Elternbrief_Bildveroeffentlichung_Version2.pdf, page 1>
Package pdftex.def Info: Elternbrief_Bildveroeffentlichung_Version2.pdf, page1 
used on input line 311.
(pdftex.def)             Requested size: 597.25711pt x 845.19412pt.
File: Elternbrief_Bildveroeffentlichung_Version2.pdf Graphic file (type pdf)

<use Elternbrief_Bildveroeffentlichung_Version2.pdf, page 1>
Package pdftex.def Info: Elternbrief_Bildveroeffentlichung_Version2.pdf, page1 
used on input line 311.
(pdftex.def)             Requested size: 597.25711pt x 845.19412pt.
Package babel Info: Redefining ngerman shorthand "|
(babel)             in language  on input line 311.
Package babel Info: Redefining ngerman shorthand "~
(babel)             in language  on input line 311.
Package babel Info: Redefining ngerman shorthand "|
(babel)             in language  on input line 311.
Package babel Info: Redefining ngerman shorthand "~
(babel)             in language  on input line 311.
 [26 <./Elternbrief_Bildveroeffentlichung_Version2.pdf>]
Package babel Info: Redefining ngerman shorthand "|
(babel)             in language  on input line 312.
Package babel Info: Redefining ngerman shorthand "~
(babel)             in language  on input line 312.
Package babel Info: Redefining ngerman shorthand "|
(babel)             in language  on input line 313.
Package babel Info: Redefining ngerman shorthand "~
(babel)             in language  on input line 313.
Package babel Info: Redefining ngerman shorthand "|
(babel)             in language  on input line 314.
Package babel Info: Redefining ngerman shorthand "~
(babel)             in language  on input line 314.
Package babel Info: Redefining ngerman shorthand "|
(babel)             in language  on input line 315.
Package babel Info: Redefining ngerman shorthand "~
(babel)             in language  on input line 315.
Package babel Info: Redefining ngerman shorthand "|
(babel)             in language  on input line 316.
Package babel Info: Redefining ngerman shorthand "~
(babel)             in language  on input line 316.
Package babel Info: Redefining ngerman shorthand "|
(babel)             in language  on input line 318.
Package babel Info: Redefining ngerman shorthand "~
(babel)             in language  on input line 318.
Package babel Info: Redefining ngerman shorthand "|
(babel)             in language  on input line 318.
Package babel Info: Redefining ngerman shorthand "~
(babel)             in language  on input line 318.
 [27]
Package atveryend Info: Empty hook `BeforeClearDocument' on input line 318.
Package atveryend Info: Empty hook `AfterLastShipout' on input line 318.
 (Hausarbeit.aux)
Package atveryend Info: Executing hook `AtVeryEndDocument' on input line 318.
Package atveryend Info: Executing hook `AtEndAfterFileList' on input line 318.
Package rerunfilecheck Info: File `Hausarbeit.out' has not changed.
(rerunfilecheck)             Checksum: A39CC559FF85ED07111FD6FA2E0D6570;3818.


LaTeX Warning: There were undefined references.

Package atveryend Info: Empty hook `AtVeryVeryEnd' on input line 318.
 ) 
Here is how much of TeX's memory you used:
 22864 strings out of 493616
 411978 string characters out of 3143574
 546969 words of memory out of 3000000
 25718 multiletter control sequences out of 15000+200000
 26662 words of font info for 69 fonts, out of 3000000 for 9000
 1025 hyphenation exceptions out of 8191
 64i,18n,60p,2100b,597s stack positions out of 5000i,500n,10000p,200000b,50000s
 <C:\Users\Julia\AppData\Local\MiKTeX\2.9\fonts\pk\ljfour\jknappen\ec\dpi600\
ectt1440.pk> <C:\Users\Julia\AppData\Local\MiKTeX\2.9\fonts\pk\ljfour\jknappen\
ec\dpi600\ecti1440.pk> <C:\Users\Julia\AppData\Local\MiKTeX\2.9\fonts\pk\ljfour
\jknappen\ec\dpi600\eccc1440.pk> <C:\Users\Julia\AppData\Local\MiKTeX\2.9\fonts
\pk\ljfour\jknappen\ec\dpi600\ectt1200.pk> <C:\Users\Julia\AppData\Local\MiKTeX
\2.9\fonts\pk\ljfour\jknappen\ec\dpi600\ecsx1440.pk> <C:\Users\Julia\AppData\Lo
cal\MiKTeX\2.9\fonts\pk\ljfour\jknappen\ec\dpi600\ecbx1200.pk> <C:\Users\Julia\
AppData\Local\MiKTeX\2.9\fonts\pk\ljfour\jknappen\ec\dpi600\ecrm1095.pk> <C:\Us
ers\Julia\AppData\Local\MiKTeX\2.9\fonts\pk\ljfour\jknappen\ec\dpi600\ecti1200.
pk> <C:\Users\Julia\AppData\Local\MiKTeX\2.9\fonts\pk\ljfour\jknappen\ec\dpi600
\ecsx1200.pk> <C:\Users\Julia\AppData\Local\MiKTeX\2.9\fonts\pk\ljfour\jknappen
\ec\dpi600\ecsx1728.pk> <C:\Users\Julia\AppData\Local\MiKTeX\2.9\fonts\pk\ljfou
r\jknappen\ec\dpi600\ecrm1200.pk> <C:\Users\Julia\AppData\Local\MiKTeX\2.9\font
s\pk\ljfour\jknappen\ec\dpi600\ecbx1440.pk> <C:\Users\Julia\AppData\Local\MiKTe
X\2.9\fonts\pk\ljfour\jknappen\ec\dpi600\ecrm1728.pk> <C:\Users\Julia\AppData\L
ocal\MiKTeX\2.9\fonts\pk\ljfour\jknappen\ec\dpi600\ecbx2488.pk> <C:\Users\Julia
\AppData\Local\MiKTeX\2.9\fonts\pk\ljfour\jknappen\ec\dpi600\ecrm1440.pk>
Output written on Hausarbeit.pdf (27 pages, 563613 bytes).
PDF statistics:
 1095 PDF objects out of 1200 (max. 8388607)
 90 named destinations out of 1000 (max. 500000)
 421 words of extra memory for PDF output out of 10000 (max. 10000000)

